\BOOKMARK [1][-]{section.1}{Introduction}{}% 1
\BOOKMARK [1][-]{section.2}{Related Work}{}% 2
\BOOKMARK [2][-]{subsection.2.1}{Dimension-Driven Projection Exploration}{section.2}% 3
\BOOKMARK [2][-]{subsection.2.2}{Data-Driven Projection Pursuit}{section.2}% 4
\BOOKMARK [2][-]{subsection.2.3}{High-Dimensional Local Data Analysis}{section.2}% 5
\BOOKMARK [1][-]{section.3}{Overview}{}% 6
\BOOKMARK [2][-]{subsection.3.1}{Local Distortion Reduction}{section.3}% 7
\BOOKMARK [2][-]{subsection.3.2}{Workflow}{section.3}% 8
\BOOKMARK [1][-]{section.4}{High-dimensional Data Exploration Guided by Distortion-Free Local Analysis}{}% 9
\BOOKMARK [2][-]{subsection.4.1}{Discovering Interesting Local Data}{section.4}% 10
\BOOKMARK [3][-]{subsubsection.4.1.1}{Datum Suggestion Based on Distance Distortion}{subsection.4.1}% 11
\BOOKMARK [3][-]{subsubsection.4.1.2}{Cluster Suggestion}{subsection.4.1}% 12
\BOOKMARK [2][-]{subsection.4.2}{Featured Viewpoints for the Focus}{section.4}% 13
\BOOKMARK [3][-]{subsubsection.4.2.1}{Desirable Local Features}{subsection.4.2}% 14
\BOOKMARK [3][-]{subsubsection.4.2.2}{Feature Enhanced Projections}{subsection.4.2}% 15
\BOOKMARK [3][-]{subsubsection.4.2.3}{Subspace Suggestion}{subsection.4.2}% 16
\BOOKMARK [2][-]{subsection.4.3}{From Focus to Cluster}{section.4}% 17
\BOOKMARK [3][-]{subsubsection.4.3.1}{Focus Improvement}{subsection.4.3}% 18
\BOOKMARK [3][-]{subsubsection.4.3.2}{Cluster Comparison via Viewpoint Map}{subsection.4.3}% 19
\BOOKMARK [1][-]{section.5}{Case Study}{}% 20
\BOOKMARK [1][-]{section.6}{Discussion}{}% 21
\BOOKMARK [1][-]{section.7}{Conclusion}{}% 22
